node:internal/modules/esm/resolve:1204
    throw error;
    ^

Error [ERR_MODULE_NOT_FOUND]: Cannot find package 'express' imported from /home/zrogoneu/domains/memoricat.com/public_html/api/server.js
    at packageResolve (node:internal/modules/esm/resolve:873:9)
    at moduleResolve (node:internal/modules/esm/resolve:946:18)
    at defaultResolve (node:internal/modules/esm/resolve:1188:11)
    at ModuleLoader.defaultResolve (node:internal/modules/esm/loader:642:12)
    at #cachedDefaultResolve (node:internal/modules/esm/loader:591:25)
    at ModuleLoader.getModuleJobForRequire (node:internal/modules/esm/loader:347:53)
    at new ModuleJobSync (node:internal/modules/esm/module_job:333:34)
    at ModuleLoader.importSyncForRequire (node:internal/modules/esm/loader:320:11)
    at loadESMFromCJS (node:internal/modules/cjs/loader:1371:24)
    at Module._compile (node:internal/modules/cjs/loader:1511:5) {
  code: 'ERR_MODULE_NOT_FOUND'
}

Node.js v20.19.2
node:internal/modules/esm/resolve:1204
    throw error;
    ^

Error [ERR_MODULE_NOT_FOUND]: Cannot find package 'express' imported from /home/zrogoneu/domains/memoricat.com/public_html/api/server.js
    at packageResolve (node:internal/modules/esm/resolve:873:9)
    at moduleResolve (node:internal/modules/esm/resolve:946:18)
    at defaultResolve (node:internal/modules/esm/resolve:1188:11)
    at ModuleLoader.defaultResolve (node:internal/modules/esm/loader:642:12)
    at #cachedDefaultResolve (node:internal/modules/esm/loader:591:25)
    at ModuleLoader.getModuleJobForRequire (node:internal/modules/esm/loader:347:53)
    at new ModuleJobSync (node:internal/modules/esm/module_job:333:34)
    at ModuleLoader.importSyncForRequire (node:internal/modules/esm/loader:320:11)
    at loadESMFromCJS (node:internal/modules/cjs/loader:1371:24)
    at Module._compile (node:internal/modules/cjs/loader:1511:5) {
  code: 'ERR_MODULE_NOT_FOUND'
}

Node.js v20.19.2
node:internal/modules/esm/resolve:1204
    throw error;
    ^

Error [ERR_MODULE_NOT_FOUND]: Cannot find package 'express' imported from /home/zrogoneu/domains/memoricat.com/public_html/api/server.js
    at packageResolve (node:internal/modules/esm/resolve:873:9)
    at moduleResolve (node:internal/modules/esm/resolve:946:18)
    at defaultResolve (node:internal/modules/esm/resolve:1188:11)
    at ModuleLoader.defaultResolve (node:internal/modules/esm/loader:642:12)
    at #cachedDefaultResolve (node:internal/modules/esm/loader:591:25)
    at ModuleLoader.getModuleJobForRequire (node:internal/modules/esm/loader:347:53)
    at new ModuleJobSync (node:internal/modules/esm/module_job:333:34)
    at ModuleLoader.importSyncForRequire (node:internal/modules/esm/loader:320:11)
    at loadESMFromCJS (node:internal/modules/cjs/loader:1371:24)
    at Module._compile (node:internal/modules/cjs/loader:1511:5) {
  code: 'ERR_MODULE_NOT_FOUND'
}

Node.js v20.19.2
node:internal/modules/esm/resolve:1204
    throw error;
    ^

Error [ERR_MODULE_NOT_FOUND]: Cannot find package 'express' imported from /home/zrogoneu/domains/memoricat.com/public_html/api/server.js
    at packageResolve (node:internal/modules/esm/resolve:873:9)
    at moduleResolve (node:internal/modules/esm/resolve:946:18)
    at defaultResolve (node:internal/modules/esm/resolve:1188:11)
    at ModuleLoader.defaultResolve (node:internal/modules/esm/loader:642:12)
    at #cachedDefaultResolve (node:internal/modules/esm/loader:591:25)
    at ModuleLoader.getModuleJobForRequire (node:internal/modules/esm/loader:347:53)
    at new ModuleJobSync (node:internal/modules/esm/module_job:333:34)
    at ModuleLoader.importSyncForRequire (node:internal/modules/esm/loader:320:11)
    at loadESMFromCJS (node:internal/modules/cjs/loader:1371:24)
    at Module._compile (node:internal/modules/cjs/loader:1511:5) {
  code: 'ERR_MODULE_NOT_FOUND'
}

Node.js v20.19.2
